[debug] [2021-10-11T06:32:24.508Z] ----------------------------------------------------------------------
[debug] [2021-10-11T06:32:24.513Z] Command:       C:\Program Files\nodejs\node.exe C:\Users\Manoj Maniax\AppData\Roaming\npm\node_modules\firebase-tools\lib\bin\firebase.js init
[debug] [2021-10-11T06:32:24.514Z] CLI Version:   9.18.0
[debug] [2021-10-11T06:32:24.514Z] Platform:      win32
[debug] [2021-10-11T06:32:24.514Z] Node Version:  v16.9.1
[debug] [2021-10-11T06:32:24.516Z] Time:          Mon Oct 11 2021 12:02:24 GMT+0530 (India Standard Time)
[debug] [2021-10-11T06:32:24.516Z] ----------------------------------------------------------------------
[debug] 
[debug] [2021-10-11T06:32:24.530Z] > command requires scopes: ["email","openid","https://www.googleapis.com/auth/cloudplatformprojects.readonly","https://www.googleapis.com/auth/firebase","https://www.googleapis.com/auth/cloud-platform"]
[debug] [2021-10-11T06:32:24.531Z] > authorizing via signed-in user (manojagowda01@gmail.com)
[info] 
     ######## #### ########  ######## ########     ###     ######  ########
     ##        ##  ##     ## ##       ##     ##  ##   ##  ##       ##
     ######    ##  ########  ######   ########  #########  ######  ######
     ##        ##  ##    ##  ##       ##     ## ##     ##       ## ##
     ##       #### ##     ## ######## ########  ##     ##  ######  ########

You're about to initialize a Firebase project in this directory:

  D:\t

[info] 
=== Project Setup
[info] 
[info] First, let's associate this project directory with a Firebase project.
[info] You can create multiple project aliases by running firebase use --add, 
[info] but for now we'll just set up a default project.
[info] 
[debug] [2021-10-11T06:32:44.486Z] >>> [apiv2][query] GET https://firebase.googleapis.com/v1beta1/projects pageSize=100
[debug] [2021-10-11T06:32:45.556Z] <<< [apiv2][status] GET https://firebase.googleapis.com/v1beta1/projects 200
[debug] [2021-10-11T06:32:45.557Z] <<< [apiv2][body] GET https://firebase.googleapis.com/v1beta1/projects [omitted]
